Jul 18 15:38:12 host=smtp.gmail.com tls=on auth=on user=pkruskopfs@gmail.com from=pkruskopfs@gmail.com recipients=gabriella.azzarone@gmail.com mailsize=2258 smtpstatus=250 smtpmsg='250 2.0.0 OK  1626637019 f2sm5692898qte.67 - gsmtp' exitcode=EX_OK
Jul 20 12:00:40 host=smtp.gmail.com tls=on auth=on user=pkruskopfs@gmail.com from=pkruskopfs@gmail.com recipients=sfs@uvm.edu mailsize=97603 smtpstatus=250 smtpmsg='250 2.0.0 OK  1626796766 a16sm9644072qkn.107 - gsmtp' exitcode=EX_OK
Jul 21 09:09:25 host=smtp.gmail.com tls=on auth=on user=pkruskopfs@gmail.com from=pkruskopfs@gmail.com recipients=fernando.dacunha@chase.com,mark.greenjr@chase.com mailsize=3731 smtpstatus=250 smtpmsg='250 2.0.0 OK  1626872891 8sm10249936qkb.105 - gsmtp' exitcode=EX_OK
Jul 21 10:30:08 host=smtp.gmail.com tls=on auth=on user=pkruskopfs@gmail.com from=pkruskopfs@gmail.com recipients=gabriella.azzarone@gmail.com mailsize=2628 smtpstatus=250 smtpmsg='250 2.0.0 OK  1626877735 m187sm11118939qkd.131 - gsmtp' exitcode=EX_OK
Jul 21 13:10:35 host=smtp.gmail.com tls=on auth=on user=pkruskopfs@gmail.com from=pkruskopfs@gmail.com recipients=CustomerSupport@amerigas.com mailsize=3825 smtpstatus=250 smtpmsg='250 2.0.0 OK  1626887361 n188sm9490729qke.54 - gsmtp' exitcode=EX_OK
Jul 22 09:53:22 host=smtp.gmail.com tls=on auth=on user=pkruskopfs@gmail.com from=pkruskopfs@gmail.com recipients=fernando.dacunha@chase.com,mark.greenjr@chase.com mailsize=3843 smtpstatus=250 smtpmsg='250 2.0.0 OK  1626961928 o186sm13026209qke.44 - gsmtp' exitcode=EX_OK
Jul 22 12:35:56 host=smtp.gmail.com tls=on auth=on user=pkruskopfs@gmail.com from=pkruskopfs@gmail.com recipients=mark.greenjr@chase.com,fernando.dacunha@chase.com mailsize=13142 smtpstatus=250 smtpmsg='250 2.0.0 OK  1626971683 i123sm11442978qkf.60 - gsmtp' exitcode=EX_OK
Jul 22 13:01:55 host=smtp.gmail.com tls=on auth=on user=pkruskopfs@gmail.com from=pkruskopfs@gmail.com recipients=mark.greenjr@chase.com,fernando.dacunha@chase.com mailsize=15554 smtpstatus=250 smtpmsg='250 2.0.0 OK  1626973241 d25sm1951869qtm.41 - gsmtp' exitcode=EX_OK
Jul 28 12:07:31 host=smtp.gmail.com tls=on auth=on user=pkruskopfs@gmail.com from=pkruskopfs@gmail.com recipients=mark.greenjr@chase.com,fernando.dacunha@chase.com mailsize=2491 smtpstatus=250 smtpmsg='250 2.0.0 OK  1627488377 u13sm117516qtw.33 - gsmtp' exitcode=EX_OK
Jul 28 12:51:53 host=smtp.gmail.com tls=on auth=on user=pkruskopfs@gmail.com from=pkruskopfs@gmail.com recipients=gabriella.azzarone@gmail.com mailsize=6358 smtpstatus=250 smtpmsg='250 2.0.0 OK  1627491039 g76sm269725qke.127 - gsmtp' exitcode=EX_OK
Aug 03 23:11:15 host=smtp.gmail.com tls=on auth=on user=pkruskopfs@gmail.com from=pkruskopfs@gmail.com recipients=gabriella.azzarone@gmail.com,ikruskopfs@gmail.com mailsize=671 smtpstatus=250 smtpmsg='250 2.0.0 OK  1628046597 z9sm373717qtn.54 - gsmtp' exitcode=EX_OK
Aug 07 19:18:03 host=smtp.gmail.com tls=on auth=on user=pkruskopfs@gmail.com from=pkruskopfs@gmail.com recipients=gabriella.azzarone@gmail.com mailsize=1499 smtpstatus=250 smtpmsg='250 2.0.0 OK  1628378203 d199sm1646023qkg.74 - gsmtp' exitcode=EX_OK
Aug 07 19:25:13 host=smtp.gmail.com tls=on auth=on user=pkruskopfs@gmail.com from=pkruskopfs@gmail.com recipients=Gabriella.Azzarone@gmail.com mailsize=197435 smtpstatus=250 smtpmsg='250 2.0.0 OK  1628378632 r29sm6915732qkm.43 - gsmtp' exitcode=EX_OK
Aug 16 10:33:58 host=smtp.gmail.com tls=on auth=on user=pkruskopfs@gmail.com from=pkruskopfs@gmail.com recipients=Gabriella.Azzarone@gmail.com,soffeb@gmail.com,azzaronef@gceint.com mailsize=766 smtpstatus=250 smtpmsg='250 2.0.0 OK  1629124357 k24sm6353069qki.11 - gsmtp' exitcode=EX_OK
Aug 16 10:44:00 host=smtp.gmail.com tls=on auth=on user=pkruskopfs@gmail.com from=pkruskopfs@gmail.com recipients=Gabriella.Azzarone@gmail.com,soffeb@gmail.com,azzaronef@gceint.com mailsize=1308 smtpstatus=250 smtpmsg='250 2.0.0 OK  1629124959 e10sm6254656qkg.18 - gsmtp' exitcode=EX_OK
Aug 17 10:35:11 host=smtp.gmail.com tls=on auth=on user=pkruskopfs@gmail.com from=pkruskopfs@gmail.com recipients=gabriella.azzarone@gmail.com mailsize=2383 smtpstatus=250 smtpmsg='250 2.0.0 OK  1629210825 h2sm1545123qko.127 - gsmtp' exitcode=EX_OK
Aug 17 11:05:59 host=smtp.gmail.com tls=on auth=on user=pkruskopfs@gmail.com from=pkruskopfs@gmail.com recipients=soffeb@gmail.com,azzaronef@gceint.com,Gabriella.Azzarone@gmail.com mailsize=3032 smtpstatus=250 smtpmsg='250 2.0.0 OK  1629212673 f24sm1154277qtp.1 - gsmtp' exitcode=EX_OK
Aug 25 09:57:53 host=smtp.gmail.com tls=on auth=on user=pkruskopfs@gmail.com from=pkruskopfs@gmail.com recipients=WRamirez@fapc.org,Gabriella.Azzarone@gmail.com,AzzaroneF@gceint.com,soffeb@gmail.com mailsize=4699 smtpstatus=250 smtpmsg='250 2.0.0 OK  1629899783 o12sm10536166qtt.94 - gsmtp' exitcode=EX_OK
Sep 07 13:07:27 host=smtp.gmail.com tls=on auth=on user=pkruskopfs@gmail.com from=pkruskopfs@gmail.com recipients=fernando.dacunha@chase.com mailsize=3918 smtpstatus=250 smtpmsg='250 2.0.0 OK  1631034344 m5sm9359925qkn.33 - gsmtp' exitcode=EX_OK
Sep 16 12:13:54 host=smtp.gmail.com tls=on auth=on user=pkruskopfs@gmail.com from=pkruskopfs@gmail.com recipients=support@performancegolfzone.com mailsize=2526 smtpstatus=250 smtpmsg='250 2.0.0 OK  1631808728 u13sm2588547qki.38 - gsmtp' exitcode=EX_OK
Sep 22 14:58:11 host=smtp.gmail.com tls=on auth=on user=pkruskopfs@gmail.com from=pkruskopfs@gmail.com recipients=kdavey25@gmail.com mailsize=1357 smtpstatus=250 smtpmsg='250 2.0.0 OK  1632336983 s7sm2048764qtc.33 - gsmtp' exitcode=EX_OK
Sep 27 11:24:23 host=smtp.gmail.com tls=on auth=on user=pkruskopfs@gmail.com from=pkruskopfs@gmail.com recipients=azzaronef@gceint.com,soffeb@gmail.com,gabriella.azzarone@gmail.com mailsize=660 smtpstatus=250 smtpmsg='250 2.0.0 OK  1632756154 f5sm9946473qtp.44 - gsmtp' exitcode=EX_OK
Sep 30 11:45:02 host=smtp.gmail.com tls=on auth=on user=pkruskopfs@gmail.com from=pkruskopfs@gmail.com recipients=ddelbueno@gmail.com mailsize=1380 smtpstatus=250 smtpmsg='250 2.0.0 OK  1633016589 n13sm1593134qke.100 - gsmtp' exitcode=EX_OK
Oct 04 11:10:13 host=smtp.gmail.com tls=on auth=on user=pkruskopfs@gmail.com from=pkruskopfs@gmail.com recipients=gabriella.azzarone@gmail.com mailsize=7377 smtpstatus=250 smtpmsg='250 2.0.0 OK  1633360090 i20sm7937030qke.102 - gsmtp' exitcode=EX_OK
Oct 05 10:28:49 host=smtp.gmail.com tls=on auth=on user=pkruskopfs@gmail.com from=pkruskopfs@gmail.com recipients=gabriella.azzarone@gmail.com mailsize=1061 smtpstatus=250 smtpmsg='250 2.0.0 OK  1633444006 f38sm3809815qtb.10 - gsmtp' exitcode=EX_OK
Oct 05 14:09:51 host=smtp.gmail.com tls=on auth=on user=pkruskopfs@gmail.com from=pkruskopfs@gmail.com recipients=gabriella.azzarone@gmail.com mailsize=1416 smtpstatus=250 smtpmsg='250 2.0.0 OK  1633457268 y6sm9681908qkj.26 - gsmtp' exitcode=EX_OK
Oct 05 14:10:52 host=smtp.gmail.com tls=on auth=on user=pkruskopfs@gmail.com from=pkruskopfs@gmail.com recipients=gabriella.azzarone@gmail.com mailsize=4585 smtpstatus=250 smtpmsg='250 2.0.0 OK  1633457330 r17sm10848570qtx.17 - gsmtp' exitcode=EX_OK
Oct 06 10:34:41 host=smtp.gmail.com tls=on auth=on user=pkruskopfs@gmail.com from=pkruskopfs@gmail.com recipients=soffeb@gmail.com,azzaronef@gceint.com,Gabriella.Azzarone@gmail.com mailsize=2183 smtpstatus=250 smtpmsg='250 2.0.0 OK  1633530759 p73sm2660720qke.37 - gsmtp' exitcode=EX_OK
Oct 11 11:55:46 host=smtp.gmail.com tls=on auth=on user=pkruskopfs@gmail.com from=pkruskopfs@gmail.com recipients=tera.adams@msadaptive.org mailsize=1032 smtpstatus=250 smtpmsg='250 2.0.0 OK  1633967617 b20sm4966454qtx.89 - gsmtp' exitcode=EX_OK
Oct 12 12:39:58 host=smtp.gmail.com tls=on auth=on user=pkruskopfs@gmail.com from=pkruskopfs@gmail.com recipients=vp.programs@pmiwestchester.org mailsize=609 smtpstatus=250 smtpmsg='250 2.0.0 OK  1634056669 d14sm6145302qkg.49 - gsmtp' exitcode=EX_OK
Oct 12 14:48:05 host=smtp.gmail.com tls=on auth=on user=pkruskopfs@gmail.com from=pkruskopfs@gmail.com recipients=vp.communications@pmiwestchester.org mailsize=3025 smtpstatus=250 smtpmsg='250 2.0.0 OK  1634064356 f15sm6769804qtm.37 - gsmtp' exitcode=EX_OK
Oct 12 15:30:32 host=smtp.gmail.com tls=on auth=on user=pkruskopfs@gmail.com from=pkruskopfs@gmail.com recipients=vp.communications@pmiwestchester.org mailsize=3948 smtpstatus=250 smtpmsg='250 2.0.0 OK  1634066903 j15sm3347773qtx.67 - gsmtp' exitcode=EX_OK
Oct 12 17:56:02 host=smtp.gmail.com tls=on auth=on user=pkruskopfs@gmail.com from=pkruskopfs@gmail.com recipients=VP.Programs@pmiwestchester.org mailsize=1474 smtpstatus=250 smtpmsg='250 2.0.0 OK  1634075633 h8sm6294143qkk.11 - gsmtp' exitcode=EX_OK
Oct 14 14:06:55 host=smtp.gmail.com tls=on auth=on user=pkruskopfs@gmail.com from=pkruskopfs@gmail.com recipients=AzzaroneF@gceint.com,soffeb@gmail.com,gabriella.azzarone@gmail.com mailsize=1333 smtpstatus=250 smtpmsg='250 2.0.0 OK  1634234687 k8sm1210042qth.2 - gsmtp' exitcode=EX_OK
Oct 14 14:13:15 host=smtp.gmail.com tls=on auth=on user=pkruskopfs@gmail.com from=pkruskopfs@gmail.com recipients=AzzaroneF@gceint.com,soffeb@gmail.com,gabriella.azzarone@gmail.com mailsize=1452 smtpstatus=250 smtpmsg='250 2.0.0 OK  1634235067 p9sm1637713qki.51 - gsmtp' exitcode=EX_OK
Oct 14 14:15:09 host=smtp.gmail.com tls=on auth=on user=pkruskopfs@gmail.com from=pkruskopfs@gmail.com recipients=AzzaroneF@gceint.com,soffeb@gmail.com,gabriella.azzarone@gmail.com mailsize=1427 smtpstatus=250 smtpmsg='250 2.0.0 OK  1634235182 a4sm1763006qtm.12 - gsmtp' exitcode=EX_OK
Oct 14 14:46:13 host=smtp.gmail.com tls=on auth=on user=pkruskopfs@gmail.com from=pkruskopfs@gmail.com recipients=soffeb@gmail.com,AzzaroneF@gceint.com,gabriella.azzarone@gmail.com mailsize=2013 smtpstatus=250 smtpmsg='250 2.0.0 OK  1634237046 h66sm1619387qkc.5 - gsmtp' exitcode=EX_OK
Oct 17 17:32:48 host=smtp.gmail.com tls=on auth=on user=pkruskopfs@gmail.com from=pkruskopfs@gmail.com recipients=AzzaroneF@gceint.com,soffeb@gmail.com,gabriella.azzarone@gmail.com,nesofferman@gmail.com,ikruskopfs@gmail.com mailsize=1618 smtpstatus=250 smtpmsg='250 2.0.0 OK  1634506248 i5sm5493353qtq.28 - gsmtp' exitcode=EX_OK
Oct 18 09:50:31 host=smtp.gmail.com tls=on auth=on user=pkruskopfs@gmail.com from=pkruskopfs@gmail.com recipients=gabriella.azzarone@gmail.com,soffeb@gmail.com,AzzaroneF@gceint.com,nesofferman@gmail.com,ikruskopfs@gmail.com mailsize=2626 smtpstatus=250 smtpmsg='250 2.0.0 OK  1634564897 r2sm6602751qkm.99 - gsmtp' exitcode=EX_OK
Oct 19 09:21:20 host=smtp.gmail.com tls=on auth=on user=pkruskopfs@gmail.com from=pkruskopfs@gmail.com recipients=soffeb@gmail.com,gabriella.azzarone@gmail.com,AzzaroneF@gceint.com,nesofferman@gmail.com,ikruskopfs@gmail.com mailsize=3179 smtpstatus=250 smtpmsg='250 2.0.0 OK  1634649546 b23sm4402112qtp.16 - gsmtp' exitcode=EX_OK
Oct 19 11:52:28 host=smtp.gmail.com tls=on auth=on user=pkruskopfs@gmail.com from=pkruskopfs@gmail.com recipients=peter.kruskopfs@ironmountain.com mailsize=20105 smtpstatus=250 smtpmsg='250 2.0.0 OK  1634658615 s3sm7967751qkj.118 - gsmtp' exitcode=EX_OK
Nov 15 10:09:11 host=smtp.gmail.com tls=on auth=on user=pkruskopfs@gmail.com from=pkruskopfs@gmail.com recipients=gabriella.azzarone@gmail.com mailsize=27220 smtpstatus=250 smtpmsg='250 2.0.0 OK  1636988802 v125sm6984760qki.63 - gsmtp' exitcode=EX_OK
Nov 15 10:31:47 host=smtp.gmail.com tls=on auth=on user=pkruskopfs@gmail.com from=pkruskopfs@gmail.com recipients=gabriella.azzarone@gmail.com mailsize=856 smtpstatus=250 smtpmsg='250 2.0.0 OK  1636990159 t11sm6439049qkp.56 - gsmtp' exitcode=EX_OK
Nov 15 12:23:55 host=smtp.gmail.com tls=on auth=on user=pkruskopfs@gmail.com from=pkruskopfs@gmail.com recipients=Gabriella.Azzarone@gmail.com mailsize=311451 smtpstatus=250 smtpmsg='250 2.0.0 OK  1636996887 t18sm6244078qtw.64 - gsmtp' exitcode=EX_OK
Nov 16 11:51:31 host=smtp.gmail.com tls=on auth=on user=pkruskopfs@gmail.com from=pkruskopfs@gmail.com recipients=gabriella.azzarone@gmail.com mailsize=27999 smtpstatus=250 smtpmsg='250 2.0.0 OK  1637081344 o17sm9322826qtv.30 - gsmtp' exitcode=EX_OK
Nov 17 13:02:02 host=smtp.gmail.com tls=on auth=on user=pkruskopfs@gmail.com from=pkruskopfs@gmail.com recipients=ikruskopfs@gmail.com mailsize=61797 smtpstatus=250 smtpmsg='250 2.0.0 OK  1637171977 u11sm238196qko.33 - gsmtp' exitcode=EX_OK
Nov 18 13:48:42 host=smtp.gmail.com tls=on auth=on user=pkruskopfs@gmail.com from=pkruskopfs@gmail.com recipients=hgoldberg@yournational.com,soffeb@nyc.rr.com mailsize=2124 smtpstatus=250 smtpmsg='250 2.0.0 OK  1637261180 h22sm328158qkk.14 - gsmtp' exitcode=EX_OK
Nov 19 11:51:43 host=smtp.gmail.com tls=on auth=on user=pkruskopfs@gmail.com from=pkruskopfs@gmail.com recipients=lvlteam@pmiwestchester.org mailsize=503 smtpstatus=250 smtpmsg='250 2.0.0 OK  1637340551 v7sm108597qki.98 - gsmtp' exitcode=EX_OK
Nov 19 11:58:35 host=smtp.gmail.com tls=on auth=on user=pkruskopfs@gmail.com from=pkruskopfs@gmail.com recipients=lnlteam@pmiwestchester.org mailsize=504 smtpstatus=250 smtpmsg='250 2.0.0 OK  1637340963 bi6sm134364qkb.29 - gsmtp' exitcode=EX_OK
Nov 19 12:23:55 host=smtp.gmail.com tls=on auth=on user=pkruskopfs@gmail.com from=pkruskopfs@gmail.com recipients=pkruskopfs@gmail.com mailsize=280 smtpstatus=250 smtpmsg='250 2.0.0 OK  1637342483 o9sm216908qtk.81 - gsmtp' exitcode=EX_OK
Nov 22 09:16:06 host=smtp.gmail.com tls=on auth=on user=pkruskopfs@gmail.com from=pkruskopfs@gmail.com recipients=tera.adams@adaptiveatsnow.org mailsize=1460 smtpstatus=250 smtpmsg='250 2.0.0 OK  1637590414 g14sm4636221qko.55 - gsmtp' exitcode=EX_OK
Nov 29 21:12:38 host=smtp.gmail.com tls=on auth=on user=pkruskopfs@gmail.com from=pkruskopfs@gmail.com recipients=soffeb@gmail.com mailsize=5884 smtpstatus=250 smtpmsg='250 2.0.0 OK  1638238194 bk25sm9400004qkb.13 - gsmtp' exitcode=EX_OK
Dec 01 10:10:43 host=smtp.gmail.com tls=on auth=on user=pkruskopfs@gmail.com from=pkruskopfs@gmail.com recipients=gabriella.azzarone@gmail.com mailsize=997 smtpstatus=250 smtpmsg='250 2.0.0 OK  1638371277 i6sm36446qkn.26 - gsmtp' exitcode=EX_OK
Dec 01 12:26:51 host=smtp.gmail.com tls=on auth=on user=pkruskopfs@gmail.com from=pkruskopfs@gmail.com recipients=ysh945@gmail.com mailsize=158644 smtpstatus=250 smtpmsg='250 2.0.0 OK  1638379445 j14sm220455qkp.28 - gsmtp' exitcode=EX_OK
Dec 02 11:54:06 host=smtp.gmail.com tls=on auth=on user=pkruskopfs@gmail.com from=pkruskopfs@gmail.com recipients=azzaronef@gceint.com,soffeb@gmail.com,Gabriella.Azzarone@gmail.com mailsize=1841 smtpstatus=250 smtpmsg='250 2.0.0 OK  1638463878 d15sm145990qtd.70 - gsmtp' exitcode=EX_OK
Dec 06 11:27:29 host=smtp.gmail.com tls=on auth=on user=pkruskopfs@gmail.com from=pkruskopfs@gmail.com recipients=AzzaroneF@gceint.com,soffeb@gmail.com,Gabriella.Azzarone@gmail.com mailsize=3006 smtpstatus=250 smtpmsg='250 2.0.0 OK  1638807876 f21sm8047797qte.52 - gsmtp' exitcode=EX_OK
Dec 09 08:23:53 host=smtp.gmail.com tls=on auth=on user=pkruskopfs@gmail.com from=pkruskopfs@gmail.com recipients=Gabriella.Azzarone@gmail.com,Gazzaron@montefirore.org mailsize=9189 smtpstatus=250 smtpmsg='250 2.0.0 OK  1639056056 v9sm2812822qkf.90 - gsmtp' exitcode=EX_OK
Dec 13 10:32:44 host=smtp.gmail.com tls=on auth=on user=pkruskopfs@gmail.com from=pkruskopfs@gmail.com recipients=deneen@furcisrestaurant.com mailsize=4835 smtpstatus=250 smtpmsg='250 2.0.0 OK  1639409387 t30sm4394845qkj.125 - gsmtp' exitcode=EX_OK
Dec 27 14:02:46 host=smtp.gmail.com tls=on auth=on user=pkruskopfs@gmail.com from=pkruskopfs@gmail.com recipients=gabriella.azzarone@gmail.com mailsize=538 smtpstatus=250 smtpmsg='250 2.0.0 OK  1640631576 8sm14507448qtz.28 - gsmtp' exitcode=EX_OK
Jan 04 22:10:20 host=smtp.gmail.com tls=on auth=on user=pkruskopfs@gmail.com from=pkruskopfs@gmail.com recipients=Gabriella.Azzarone@gmail.com,soffeb@gmail.com,azzaronef@gceint.com mailsize=314807 smtpstatus=250 smtpmsg='250 2.0.0 OK  1641352022 r24sm31725591qtp.38 - gsmtp' exitcode=EX_OK
Jan 05 14:35:11 host=smtp.gmail.com tls=on auth=on user=pkruskopfs@gmail.com from=pkruskopfs@gmail.com recipients=soffeb@gmail.com,gabriella.azzarone@gmail.com,AzzaroneF@gceint.com mailsize=4850 smtpstatus=250 smtpmsg='250 2.0.0 OK  1641411311 f141sm31632017qke.92 - gsmtp' exitcode=EX_OK
Jan 06 08:00:02 host=smtp.gmail.com tls=on auth=on user=pkruskopfs@gmail.com from=pkruskopfs@gmail.com recipients=laura@corlisslawgroup.com mailsize=3991 smtpstatus=250 smtpmsg='250 2.0.0 OK  1641473802 o17sm1705171qtv.87 - gsmtp' exitcode=EX_OK
Jan 06 15:43:07 host=smtp.gmail.com tls=on auth=on user=pkruskopfs@gmail.com from=pkruskopfs@gmail.com recipients=laura@corlisslawgroup.com mailsize=598378 smtpstatus=250 smtpmsg='250 2.0.0 OK  1641501586 v4sm2114400qkp.118 - gsmtp' exitcode=EX_OK
Jan 06 15:46:05 host=smtp.gmail.com tls=on auth=on user=pkruskopfs@gmail.com from=pkruskopfs@gmail.com recipients=Gabriella.Azzarone@gmail.com,azzaronef@gceint.com,soffeb@gmail.com mailsize=4889 smtpstatus=250 smtpmsg='250 2.0.0 OK  1641501765 g16sm2157696qko.128 - gsmtp' exitcode=EX_OK
Jan 06 16:22:45 host=smtp.gmail.com tls=on auth=on user=pkruskopfs@gmail.com from=pkruskopfs@gmail.com recipients=Gabriella.Azzarone@gmail.com mailsize=258971 smtpstatus=250 smtpmsg='250 2.0.0 OK  1641504165 d15sm1052216qka.3 - gsmtp' exitcode=EX_OK
Jan 07 09:27:48 host=smtp.gmail.com tls=on auth=on user=pkruskopfs@gmail.com from=pkruskopfs@gmail.com recipients=laura@corlisslawgroup.com mailsize=7048 smtpstatus=250 smtpmsg='250 2.0.0 OK  1641565668 j13sm3872385qta.76 - gsmtp' exitcode=EX_OK
Jan 07 09:30:36 host=smtp.gmail.com tls=on auth=on user=pkruskopfs@gmail.com from=pkruskopfs@gmail.com recipients=azzaronef@gceint.com,soffeb@gmail.com,Gabriella.Azzarone@gmail.com mailsize=738 smtpstatus=250 smtpmsg='250 2.0.0 OK  1641565836 e2sm3753098qty.14 - gsmtp' exitcode=EX_OK
Jan 07 10:13:49 host=smtp.gmail.com tls=on auth=on user=pkruskopfs@gmail.com from=pkruskopfs@gmail.com recipients=AzzaroneF@gceint.com,soffeb@gmail.com,gabriella.azzarone@gmail.com mailsize=1556 smtpstatus=250 smtpmsg='250 2.0.0 OK  1641568429 j12sm210615qtj.36 - gsmtp' exitcode=EX_OK
Jan 07 10:14:49 host=smtp.gmail.com tls=on auth=on user=pkruskopfs@gmail.com from=pkruskopfs@gmail.com recipients=laura@corlisslawgroup.com mailsize=8240 smtpstatus=250 smtpmsg='250 2.0.0 OK  1641568489 m187sm3519508qke.75 - gsmtp' exitcode=EX_OK
Jan 11 15:03:10 host=smtp.gmail.com tls=on auth=on user=pkruskopfs@gmail.com from=pkruskopfs@gmail.com recipients=azzaronef@gceint.com,soffeb@gmail.com,Gabriella.Azzarone@gmail.com mailsize=685 smtpstatus=250 smtpmsg='250 2.0.0 OK  1641931390 l17sm6997211qkj.85 - gsmtp' exitcode=EX_OK
Jan 11 15:49:15 host=smtp.gmail.com tls=on auth=on user=pkruskopfs@gmail.com from=pkruskopfs@gmail.com recipients=pkruskopfs@gmail.com mailsize=292 smtpstatus=250 smtpmsg='250 2.0.0 OK  1641934154 h9sm7310951qkp.106 - gsmtp' exitcode=EX_OK
Jan 11 15:54:10 host=smtp.gmail.com tls=on auth=on user=pkruskopfs@gmail.com from=pkruskopfs@gmail.com recipients=laura@corlisslawgroup.com mailsize=523196 smtpstatus=250 smtpmsg='250 2.0.0 OK  1641934450 x16sm7378411qko.15 - gsmtp' exitcode=EX_OK
Jan 12 09:28:38 host=smtp.gmail.com tls=on auth=on user=pkruskopfs@gmail.com from=pkruskopfs@gmail.com recipients=tera.adams@adaptiveatsnow.org mailsize=706 smtpstatus=250 smtpmsg='250 2.0.0 OK  1641997718 x14sm8877660qko.110 - gsmtp' exitcode=EX_OK
Jan 12 09:32:02 host=smtp.gmail.com tls=on auth=on user=pkruskopfs@gmail.com from=pkruskopfs@gmail.com recipients=AzzaroneF@gceint.com,soffeb@gmail.com,Gabriella.Azzarone@gmail.com mailsize=1785 smtpstatus=250 smtpmsg='250 2.0.0 OK  1641997922 l15sm9250387qkp.16 - gsmtp' exitcode=EX_OK
Jan 12 12:27:46 host=smtp.gmail.com tls=on auth=on user=pkruskopfs@gmail.com from=pkruskopfs@gmail.com recipients=tera.adams@adaptiveatsnow.org mailsize=1844 smtpstatus=250 smtpmsg='250 2.0.0 OK  1642008466 f11sm256571qtk.28 - gsmtp' exitcode=EX_OK
Jan 13 10:45:06 host=smtp.gmail.com tls=on auth=on user=pkruskopfs@gmail.com from=pkruskopfs@gmail.com recipients=soffeb@gmail.com,AzzaroneF@gceint.com,Gabriella.Azzarone@gmail.com mailsize=2249 smtpstatus=250 smtpmsg='250 2.0.0 OK  1642088706 z15sm2278249qtj.77 - gsmtp' exitcode=EX_OK
Jan 13 10:49:47 host=smtp.gmail.com tls=on auth=on user=pkruskopfs@gmail.com from=pkruskopfs@gmail.com recipients=tera.adams@adaptiveatsnow.org mailsize=31231 smtpstatus=250 smtpmsg='250 2.0.0 OK  1642088987 bq41sm1880662qkb.32 - gsmtp' exitcode=EX_OK
Jan 14 07:46:40 host=smtp.gmail.com tls=on auth=on user=pkruskopfs@gmail.com from=pkruskopfs@gmail.com recipients=laura@corlisslawgroup.com mailsize=6379274 smtpstatus=250 smtpmsg='250 2.0.0 OK  1642164400 f9sm920989qtk.26 - gsmtp' exitcode=EX_OK
Jan 14 10:27:28 host=smtp.gmail.com tls=on auth=on user=pkruskopfs@gmail.com from=pkruskopfs@gmail.com recipients=laura@corlisslawgroup.com mailsize=10360 smtpstatus=250 smtpmsg='250 2.0.0 OK  1642174048 q27sm3554598qki.100 - gsmtp' exitcode=EX_OK
Jan 14 10:58:15 host=smtp.gmail.com tls=on auth=on user=pkruskopfs@gmail.com from=pkruskopfs@gmail.com recipients=laura@corlisslawgroup.com,azzaronef@gceint.com mailsize=1264 smtpstatus=250 smtpmsg='250 2.0.0 OK  1642175895 c7sm4237012qtc.37 - gsmtp' exitcode=EX_OK
Jan 14 11:06:01 host=smtp.gmail.com tls=on auth=on user=pkruskopfs@gmail.com from=pkruskopfs@gmail.com recipients=laura@corlisslawgroup.com mailsize=1261 smtpstatus=250 smtpmsg='250 2.0.0 OK  1642176360 o5sm4066722qkp.132 - gsmtp' exitcode=EX_OK
Jan 14 11:12:48 host=smtp.gmail.com tls=on auth=on user=pkruskopfs@gmail.com from=pkruskopfs@gmail.com recipients=azzaronef@gceint.com,soffeb@gmail.com,Gabriella.Azzarone@gmail.com mailsize=318636 smtpstatus=250 smtpmsg='250 2.0.0 OK  1642176768 o13sm4031931qtv.69 - gsmtp' exitcode=EX_OK
Jan 14 11:34:09 host=smtp.gmail.com tls=on auth=on user=pkruskopfs@gmail.com from=pkruskopfs@gmail.com recipients=laura@corlisslawgroup.com mailsize=595065 smtpstatus=250 smtpmsg='250 2.0.0 OK  1642178049 g22sm4109423qtk.23 - gsmtp' exitcode=EX_OK
Jan 14 19:05:13 host=smtp.gmail.com tls=on auth=on user=pkruskopfs@gmail.com from=pkruskopfs@gmail.com recipients=tera.adams@adaptiveatsnow.org mailsize=2903 smtpstatus=250 smtpmsg='250 2.0.0 OK  1642205113 u9sm4938726qkp.116 - gsmtp' exitcode=EX_OK
Jan 15 13:52:39 host=smtp.gmail.com tls=on auth=on user=pkruskopfs@gmail.com from=pkruskopfs@gmail.com recipients=tera.adams@adaptiveatsnow.org mailsize=3273 smtpstatus=250 smtpmsg='250 2.0.0 OK  1642272759 y8sm6063172qtx.74 - gsmtp' exitcode=EX_OK
Jan 15 14:12:51 host=smtp.gmail.com tls=on auth=on user=pkruskopfs@gmail.com from=pkruskopfs@gmail.com recipients=tera.adams@adaptiveatsnow.org mailsize=4627 smtpstatus=250 smtpmsg='250 2.0.0 OK  1642273971 y16sm5264594qki.41 - gsmtp' exitcode=EX_OK
Jan 20 11:15:06 host=smtp.gmail.com tls=on auth=on user=pkruskopfs@gmail.com from=pkruskopfs@gmail.com recipients=tera.adams@adaptiveatsnow.org mailsize=836 smtpstatus=250 smtpmsg='250 2.0.0 OK  1642695306 o21sm1610058qtv.68 - gsmtp' exitcode=EX_OK
Jan 21 13:31:23 host=smtp.gmail.com tls=on auth=on user=pkruskopfs@gmail.com from=pkruskopfs@gmail.com recipients=tera.adams@adaptiveatsnow.org mailsize=1913 smtpstatus=250 smtpmsg='250 2.0.0 OK  1642789882 t123sm3506277qkh.31 - gsmtp' exitcode=EX_OK
Jan 25 10:13:42 host=smtp.gmail.com tls=on auth=on user=pkruskopfs@gmail.com from=pkruskopfs@gmail.com recipients=gabriella.azzarone@gmail.com mailsize=199965 smtpstatus=250 smtpmsg='250 2.0.0 OK  1643123622 d13sm6497470qtx.35 - gsmtp' exitcode=EX_OK
Jan 25 19:50:04 host=smtp.gmail.com tls=on auth=on user=pkruskopfs@gmail.com from=pkruskopfs@gmail.com recipients=azzaronef@gceint.com,soffeb@gmail.com,Gabriella.Azzarone@gmail.com mailsize=30720 smtpstatus=250 smtpmsg='250 2.0.0 OK  1643158204 m20sm10214083qkn.111 - gsmtp' exitcode=EX_OK
Jan 26 08:37:11 host=smtp.gmail.com tls=on auth=on user=pkruskopfs@gmail.com from=pkruskopfs@gmail.com recipients=laura@corlisslawgroup.com mailsize=4996 smtpstatus=250 smtpmsg='250 2.0.0 OK  1643204231 p6sm10903483qtx.18 - gsmtp' exitcode=EX_OK
Jan 26 08:40:19 host=smtp.gmail.com tls=on auth=on user=pkruskopfs@gmail.com from=pkruskopfs@gmail.com recipients=soffeb@gmail.com,AzzaroneF@gceint.com,gabriella.azzarone@gmail.com mailsize=5248 smtpstatus=250 smtpmsg='250 2.0.0 OK  1643204419 n19sm10128161qtk.71 - gsmtp' exitcode=EX_OK
Jan 26 08:50:40 host=smtp.gmail.com tls=on auth=on user=pkruskopfs@gmail.com from=pkruskopfs@gmail.com recipients=laura@corlisslawgroup.com mailsize=33443061 smtpstatus=250 smtpmsg='250 2.0.0 OK  1643205040 i4sm11648281qkn.23 - gsmtp' exitcode=EX_OK
Jan 31 11:06:51 host=smtp.gmail.com tls=on auth=on user=pkruskopfs@gmail.com from=pkruskopfs@gmail.com recipients=AzzaroneF@gceint.com,soffeb@gmail.com,gabriella.azzarone@gmail.com mailsize=1249 smtpstatus=250 smtpmsg='250 2.0.0 OK  1643645211 t11sm8703400qkm.77 - gsmtp' exitcode=EX_OK
Jan 31 11:10:39 host=smtp.gmail.com tls=on auth=on user=pkruskopfs@gmail.com from=pkruskopfs@gmail.com recipients=laura@corlisslawgroup.com,azzaronef@gceint.com,soffeb@gmail.com,Gabriella.Azzarone@gmail.com mailsize=2370267 smtpstatus=250 smtpmsg='250 2.0.0 OK  1643645439 q7sm9071513qkl.78 - gsmtp' exitcode=EX_OK
Jan 31 11:49:02 host=smtp.gmail.com tls=on auth=on user=pkruskopfs@gmail.com from=pkruskopfs@gmail.com recipients=mtroncone73@yahoo.com mailsize=2595 smtpstatus=250 smtpmsg='250 2.0.0 OK  1643647742 v22sm8624519qta.60 - gsmtp' exitcode=EX_OK
Jan 31 14:07:03 host=smtp.gmail.com tls=on auth=on user=pkruskopfs@gmail.com from=pkruskopfs@gmail.com recipients=markers@rosehillsmemorialpark.com mailsize=290749 smtpstatus=250 smtpmsg='250 2.0.0 OK  1643656023 u17sm2933676qkp.23 - gsmtp' exitcode=EX_OK
Feb 04 10:30:52 host=smtp.gmail.com tls=on auth=on user=pkruskopfs@gmail.com from=pkruskopfs@gmail.com recipients=AzzaroneF@gceint.com,gabriella.azzarone@gmail.com,soffeb@gmail.com mailsize=8628 smtpstatus=250 smtpmsg='250 2.0.0 OK  1643988652 ay12sm1136490qkb.127 - gsmtp' exitcode=EX_OK
Feb 04 13:27:29 host=smtp.gmail.com tls=on auth=on user=pkruskopfs@gmail.com from=pkruskopfs@gmail.com recipients=gabriella.azzarone@gmail.com,AzzaroneF@gceint.com,soffeb@gmail.com mailsize=9973 smtpstatus=250 smtpmsg='250 2.0.0 OK  1643999249 j15sm51701qkp.88 - gsmtp' exitcode=EX_OK
Feb 04 13:47:58 host=smtp.gmail.com tls=on auth=on user=pkruskopfs@gmail.com from=pkruskopfs@gmail.com recipients=gabriella.azzarone@gmail.com,AzzaroneF@gceint.com,soffeb@gmail.com mailsize=174272 smtpstatus=250 smtpmsg='250 2.0.0 OK  1644000478 d22sm1424853qkn.112 - gsmtp' exitcode=EX_OK
Feb 08 18:12:43 host=smtp.gmail.com tls=on auth=on user=pkruskopfs@gmail.com from=pkruskopfs@gmail.com recipients=vp.programs@pmiwestchester.org mailsize=865 smtpstatus=250 smtpmsg='250 2.0.0 OK  1644361963 f20sm8227380qtf.39 - gsmtp' exitcode=EX_OK
Feb 08 18:15:26 host=smtp.gmail.com tls=on auth=on user=pkruskopfs@gmail.com from=pkruskopfs@gmail.com recipients=vp.programs@pmiwestchester.org mailsize=785 smtpstatus=250 smtpmsg='250 2.0.0 OK  1644362126 c14sm8166901qtc.31 - gsmtp' exitcode=EX_OK
Feb 14 13:49:38 host=smtp.gmail.com tls=on auth=on user=pkruskopfs@gmail.com from=pkruskopfs@gmail.com recipients=tlawrence@lacasitavt.com mailsize=395 smtpstatus=250 smtpmsg='250 2.0.0 OK  1644864578 m4sm15513143qka.111 - gsmtp' exitcode=EX_OK
Feb 15 07:44:43 host=smtp.gmail.com tls=on auth=on user=pkruskopfs@gmail.com from=pkruskopfs@gmail.com recipients=mtroncone73@yahoo.com mailsize=1003 smtpstatus=250 smtpmsg='250 2.0.0 OK  1644929083 v14sm20444025qtk.5 - gsmtp' exitcode=EX_OK
Feb 16 07:34:13 host=smtp.gmail.com tls=on auth=on user=pkruskopfs@gmail.com from=pkruskopfs@gmail.com recipients=gabriella.azzarone@gmail.com mailsize=3018 smtpstatus=250 smtpmsg='250 2.0.0 OK  1645014853 i13sm18925199qko.91 - gsmtp' exitcode=EX_OK
Feb 16 07:36:17 host=smtp.gmail.com tls=on auth=on user=pkruskopfs@gmail.com from=pkruskopfs@gmail.com recipients=ikruskopfs@gmail.com,Gabriella.Azzarone@gmail.com mailsize=18477 smtpstatus=250 smtpmsg='250 2.0.0 OK  1645014976 b8sm21479769qtx.79 - gsmtp' exitcode=EX_OK
Feb 17 07:53:21 host=smtp.gmail.com tls=on auth=on user=pkruskopfs@gmail.com from=pkruskopfs@gmail.com recipients=mtroncone73@yahoo.com mailsize=2723 smtpstatus=250 smtpmsg='250 2.0.0 OK  1645102401 g8sm3738083qto.53 - gsmtp' exitcode=EX_OK
Feb 17 09:05:34 host=smtp.gmail.com tls=on auth=on user=pkruskopfs@gmail.com from=pkruskopfs@gmail.com recipients=mtroncone73@yahoo.com mailsize=3157 smtpstatus=250 smtpmsg='250 2.0.0 OK  1645106734 y15sm21654670qkp.22 - gsmtp' exitcode=EX_OK
Feb 18 09:09:42 host=smtp.gmail.com tls=on auth=on user=pkruskopfs@gmail.com from=pkruskopfs@gmail.com recipients=tera.adams@adaptiveatsnow.org mailsize=1096 smtpstatus=250 smtpmsg='250 2.0.0 OK  1645193382 185sm3560777qkd.49 - gsmtp' exitcode=EX_OK
Feb 18 15:51:14 host=smtp.gmail.com tls=on auth=on user=pkruskopfs@gmail.com from=pkruskopfs@gmail.com recipients=WRamirez@fapc.org mailsize=4669 smtpstatus=250 smtpmsg='250 2.0.0 OK  1645217474 v17sm51918qtx.97 - gsmtp' exitcode=EX_OK
Feb 19 07:29:14 host=smtp.gmail.com tls=on auth=on user=pkruskopfs@gmail.com from=pkruskopfs@gmail.com recipients=azzaronef@gceint.com,Gabriella.Azzarone@gmail.com,soffeb@gmail.com mailsize=20007 smtpstatus=250 smtpmsg='250 2.0.0 OK  1645273754 z23sm6912264qtn.40 - gsmtp' exitcode=EX_OK
Feb 24 09:09:55 host=smtp.gmail.com tls=on auth=on user=pkruskopfs@gmail.com from=pkruskopfs@gmail.com recipients=pam.greene@adaptiveatsnow.org mailsize=3994 smtpstatus=250 smtpmsg='250 2.0.0 OK  1645711795 s126sm1348094qkb.72 - gsmtp' exitcode=EX_OK
Mar 01 16:04:15 host=smtp.gmail.com tls=on auth=on user=pkruskopfs@gmail.com from=pkruskopfs@gmail.com recipients=jron@cortlandthealthcare.com mailsize=3619 smtpstatus=250 smtpmsg='250 2.0.0 OK  1646168655 x15-20020a05622a000f00b002de2da5e5cdsm9812720qtw.3 - gsmtp' exitcode=EX_OK
Mar 03 12:48:16 host=smtp.gmail.com tls=on auth=on user=pkruskopfs@gmail.com from=pkruskopfs@gmail.com recipients=pam.greene@adaptiveatsnow.org mailsize=1688 smtpstatus=250 smtpmsg='250 2.0.0 OK  1646329696 q9-20020a05622a030900b002dd2c3a9fccsm2019299qtw.38 - gsmtp' exitcode=EX_OK
Mar 03 13:07:27 host=smtp.gmail.com tls=on auth=on user=pkruskopfs@gmail.com from=pkruskopfs@gmail.com recipients=pam.greene@adaptiveatsnow.org mailsize=2776 smtpstatus=250 smtpmsg='250 2.0.0 OK  1646330847 n18-20020a05620a223200b00476534e4fdbsm1312210qkh.95 - gsmtp' exitcode=EX_OK
Mar 04 07:21:30 host=smtp.gmail.com tls=on auth=on user=pkruskopfs@gmail.com from=pkruskopfs@gmail.com recipients=pam.greene@adaptiveatsnow.org mailsize=3892 smtpstatus=250 smtpmsg='250 2.0.0 OK  1646396490 d13-20020a05622a05cd00b002dffcc45ba5sm3483346qtb.4 - gsmtp' exitcode=EX_OK
Mar 04 15:24:20 host=smtp.gmail.com tls=on auth=on user=pkruskopfs@gmail.com from=pkruskopfs@gmail.com recipients=support@newshosting.com mailsize=951 smtpstatus=250 smtpmsg='250 2.0.0 OK  1646425460 v13-20020ac8578d000000b002de94b94741sm4169386qta.22 - gsmtp' exitcode=EX_OK
Mar 08 11:25:58 host=smtp.gmail.com tls=on auth=on user=pkruskopfs@gmail.com from=pkruskopfs@gmail.com recipients=peter.kruskopfs@ironmountain.com mailsize=444070 smtpstatus=250 smtpmsg='250 2.0.0 OK  1646756758 l19-20020a05622a051300b002dff3437923sm10563290qtx.11 - gsmtp' exitcode=EX_OK
Mar 08 18:46:27 host=smtp.gmail.com tls=on auth=on user=pkruskopfs@gmail.com from=pkruskopfs@gmail.com recipients=debjenard@gmail.com mailsize=4408 smtpstatus=250 smtpmsg='250 2.0.0 OK  1646783187 k10-20020ac85fca000000b002dce6b890casm285288qta.40 - gsmtp' exitcode=EX_OK
Mar 08 18:47:49 host=smtp.gmail.com tls=on auth=on user=pkruskopfs@gmail.com from=pkruskopfs@gmail.com recipients=jron@cortlandthealthcare.com,inga.embroidery@gmail.com mailsize=1480 smtpstatus=250 smtpmsg='250 2.0.0 OK  1646783269 b202-20020ae9ebd3000000b0067b11d53365sm184708qkg.47 - gsmtp' exitcode=EX_OK
Mar 08 18:50:00 host=smtp.gmail.com tls=on auth=on user=pkruskopfs@gmail.com from=pkruskopfs@gmail.com recipients=tera.adams@adaptiveatsnow.org mailsize=397 smtpstatus=250 smtpmsg='250 2.0.0 OK  1646783400 f13-20020ac87f0d000000b002dce143f369sm269696qtk.53 - gsmtp' exitcode=EX_OK
Mar 09 12:52:14 host=smtp.gmail.com tls=on auth=on user=pkruskopfs@gmail.com from=pkruskopfs@gmail.com recipients=michaelwma@gmail.com mailsize=882 smtpstatus=250 smtpmsg='250 2.0.0 OK  1646848334 b202-20020ae9ebd3000000b0067b11d53365sm1154821qkg.47 - gsmtp' exitcode=EX_OK
Mar 14 10:44:49 host=smtp.gmail.com tls=on auth=on user=pkruskopfs@gmail.com from=pkruskopfs@gmail.com recipients=webmaster@pmiwestchester.org mailsize=242664 smtpstatus=250 smtpmsg='250 2.0.0 OK  1647269089 o18-20020a05622a139200b002de25b59013sm11534403qtk.84 - gsmtp' exitcode=EX_OK
Mar 14 10:52:18 host=smtp.gmail.com tls=on auth=on user=pkruskopfs@gmail.com from=pkruskopfs@gmail.com recipients=soffeb@gmail.com,azzaronef@gceint.com,Gabriella.Azzarone@gmail.com mailsize=587486 smtpstatus=250 smtpmsg='250 2.0.0 OK  1647269538 s131-20020a37a989000000b0067d2e3c51e8sm7836508qke.58 - gsmtp' exitcode=EX_OK
Mar 15 09:23:58 host=smtp.gmail.com tls=on auth=on user=pkruskopfs@gmail.com from=pkruskopfs@gmail.com recipients=soffeb@gmail.com mailsize=163103 smtpstatus=250 smtpmsg='250 2.0.0 OK  1647350638 z28-20020a05620a101c00b0067d940a74b2sm5584728qkj.39 - gsmtp' exitcode=EX_OK
Mar 15 13:52:53 host=smtp.gmail.com tls=on auth=on user=pkruskopfs@gmail.com from=pkruskopfs@gmail.com recipients=soffeb@gmail.com mailsize=815 smtpstatus=250 smtpmsg='250 2.0.0 OK  1647366773 y66-20020a37af45000000b0067dc0fc539fsm3649168qke.86 - gsmtp' exitcode=EX_OK
